<?xml version="1.0" encoding="UTF-8"?>
<!-- Generated by org.testng.reporters.JUnitReportReporter -->
<testsuite hostname="DESKTOP-ROIRK3H" failures="0" tests="1" name="udemy.FM1" time="58.598" errors="0" timestamp="2023-09-29T14:44:29 IST" skipped="0">
  <testcase classname="udemy.FM1" name="login" time="58.598"/>
</testsuite> <!-- udemy.FM1 -->
