<?xml version="1.0" encoding="UTF-8"?>
<!-- Generated by org.testng.reporters.JUnitReportReporter -->
<testsuite hostname="DESKTOP-ROIRK3H" failures="0" tests="1" name="Practice.P1" time="126.595" errors="0" timestamp="2023-09-05T13:59:17 IST" skipped="0">
  <testcase classname="Practice.P1" name="p1" time="126.595"/>
</testsuite> <!-- Practice.P1 -->
