<?xml version="1.0" encoding="UTF-8"?>
<!-- Generated by org.testng.reporters.JUnitReportReporter -->
<testsuite hostname="DESKTOP-ROIRK3H" failures="0" tests="1" name="Practice.p2" time="69.192" errors="0" timestamp="2023-09-05T13:42:02 IST" skipped="0">
  <testcase classname="Practice.p2" name="actiLoginScript" time="69.192"/>
</testsuite> <!-- Practice.p2 -->
